[debug] [2022-06-07T15:16:43.376Z] ----------------------------------------------------------------------
[debug] [2022-06-07T15:16:43.379Z] Command:       C:\Program Files\nodejs\node.exe C:\Users\Raja\AppData\Roaming\npm\node_modules\firebase-tools\lib\bin\firebase.js deploy --project digiweb
[debug] [2022-06-07T15:16:43.379Z] CLI Version:   11.0.0
[debug] [2022-06-07T15:16:43.380Z] Platform:      win32
[debug] [2022-06-07T15:16:43.380Z] Node Version:  v18.2.0
[debug] [2022-06-07T15:16:43.381Z] Time:          Tue Jun 07 2022 20:46:43 GMT+0530 (India Standard Time)
[debug] [2022-06-07T15:16:43.381Z] ----------------------------------------------------------------------
[debug] 
[debug] [2022-06-07T15:16:43.510Z] > command requires scopes: ["email","openid","https://www.googleapis.com/auth/cloudplatformprojects.readonly","https://www.googleapis.com/auth/firebase","https://www.googleapis.com/auth/cloud-platform"]
[debug] [2022-06-07T15:16:43.510Z] > authorizing via signed-in user (rajaastrophile@gmail.com)
[debug] [2022-06-07T15:16:43.511Z] [iam] checking project digiweb for permissions ["firebase.projects.get","firebasehosting.sites.update"]
[debug] [2022-06-07T15:16:43.513Z] >>> [apiv2][query] POST https://cloudresourcemanager.googleapis.com/v1/projects/digiweb:testIamPermissions [none]
[debug] [2022-06-07T15:16:43.514Z] >>> [apiv2][body] POST https://cloudresourcemanager.googleapis.com/v1/projects/digiweb:testIamPermissions {"permissions":["firebase.projects.get","firebasehosting.sites.update"]}
[debug] [2022-06-07T15:16:45.591Z] <<< [apiv2][status] POST https://cloudresourcemanager.googleapis.com/v1/projects/digiweb:testIamPermissions 200
[debug] [2022-06-07T15:16:45.592Z] <<< [apiv2][body] POST https://cloudresourcemanager.googleapis.com/v1/projects/digiweb:testIamPermissions {}
[debug] [2022-06-07T15:16:45.593Z] [iam] error while checking permissions, command may fail: FirebaseError: Authorization failed. This account is missing the following required permissions on project digiweb:

  firebase.projects.get
  firebasehosting.sites.update
[debug] [2022-06-07T15:16:45.597Z] >>> [apiv2][query] GET https://firebase.googleapis.com/v1beta1/projects/digiweb [none]
[debug] [2022-06-07T15:16:46.668Z] <<< [apiv2][status] GET https://firebase.googleapis.com/v1beta1/projects/digiweb 403
[debug] [2022-06-07T15:16:46.668Z] <<< [apiv2][body] GET https://firebase.googleapis.com/v1beta1/projects/digiweb {"error":{"code":403,"message":"The caller does not have permission","status":"PERMISSION_DENIED"}}
[debug] [2022-06-07T15:16:46.671Z] HTTP Error: 403, The caller does not have permission
[debug] [2022-06-07T15:16:47.075Z] FirebaseError: HTTP Error: 403, The caller does not have permission
    at module.exports (C:\Users\Raja\AppData\Roaming\npm\node_modules\firebase-tools\lib\responseToError.js:47:12)
    at RetryOperation._fn (C:\Users\Raja\AppData\Roaming\npm\node_modules\firebase-tools\lib\apiv2.js:286:39)
    at process.processTicksAndRejections (node:internal/process/task_queues:95:5)
[error] 
[error] Error: Failed to get Firebase project digiweb. Please make sure the project exists and your account has permission to access it.
[debug] [2022-06-07T15:17:43.063Z] ----------------------------------------------------------------------
[debug] [2022-06-07T15:17:43.066Z] Command:       C:\Program Files\nodejs\node.exe C:\Users\Raja\AppData\Roaming\npm\node_modules\firebase-tools\lib\bin\firebase.js deploy --project digiweb
[debug] [2022-06-07T15:17:43.067Z] CLI Version:   11.0.0
[debug] [2022-06-07T15:17:43.067Z] Platform:      win32
[debug] [2022-06-07T15:17:43.067Z] Node Version:  v18.2.0
[debug] [2022-06-07T15:17:43.068Z] Time:          Tue Jun 07 2022 20:47:43 GMT+0530 (India Standard Time)
[debug] [2022-06-07T15:17:43.069Z] ----------------------------------------------------------------------
[debug] 
[debug] [2022-06-07T15:17:43.152Z] > command requires scopes: ["email","openid","https://www.googleapis.com/auth/cloudplatformprojects.readonly","https://www.googleapis.com/auth/firebase","https://www.googleapis.com/auth/cloud-platform"]
[debug] [2022-06-07T15:17:43.153Z] > authorizing via signed-in user (rajaastrophile@gmail.com)
[debug] [2022-06-07T15:17:43.153Z] [iam] checking project digiweb for permissions ["firebase.projects.get","firebasehosting.sites.update"]
[debug] [2022-06-07T15:17:43.155Z] >>> [apiv2][query] POST https://cloudresourcemanager.googleapis.com/v1/projects/digiweb:testIamPermissions [none]
[debug] [2022-06-07T15:17:43.156Z] >>> [apiv2][body] POST https://cloudresourcemanager.googleapis.com/v1/projects/digiweb:testIamPermissions {"permissions":["firebase.projects.get","firebasehosting.sites.update"]}
[debug] [2022-06-07T15:17:44.951Z] <<< [apiv2][status] POST https://cloudresourcemanager.googleapis.com/v1/projects/digiweb:testIamPermissions 200
[debug] [2022-06-07T15:17:44.951Z] <<< [apiv2][body] POST https://cloudresourcemanager.googleapis.com/v1/projects/digiweb:testIamPermissions {}
[debug] [2022-06-07T15:17:44.953Z] [iam] error while checking permissions, command may fail: FirebaseError: Authorization failed. This account is missing the following required permissions on project digiweb:

  firebase.projects.get
  firebasehosting.sites.update
[debug] [2022-06-07T15:17:44.956Z] >>> [apiv2][query] GET https://firebase.googleapis.com/v1beta1/projects/digiweb [none]
[debug] [2022-06-07T15:17:45.649Z] <<< [apiv2][status] GET https://firebase.googleapis.com/v1beta1/projects/digiweb 403
[debug] [2022-06-07T15:17:45.650Z] <<< [apiv2][body] GET https://firebase.googleapis.com/v1beta1/projects/digiweb {"error":{"code":403,"message":"The caller does not have permission","status":"PERMISSION_DENIED"}}
[debug] [2022-06-07T15:17:45.653Z] HTTP Error: 403, The caller does not have permission
[debug] [2022-06-07T15:17:46.071Z] FirebaseError: HTTP Error: 403, The caller does not have permission
    at module.exports (C:\Users\Raja\AppData\Roaming\npm\node_modules\firebase-tools\lib\responseToError.js:47:12)
    at RetryOperation._fn (C:\Users\Raja\AppData\Roaming\npm\node_modules\firebase-tools\lib\apiv2.js:286:39)
    at process.processTicksAndRejections (node:internal/process/task_queues:95:5)
[error] 
[error] Error: Failed to get Firebase project digiweb. Please make sure the project exists and your account has permission to access it.
